2025-06-17 05:39:03 info: Server running in local mode on port 3001
2025-06-17 05:39:08 info: GET /api/blogs/4
2025-06-17 05:39:08 info: GET /api/blogs/4
2025-06-17 05:39:09 info: GET /api/comments/4
2025-06-17 05:39:09 info: GET /api/comments/4
2025-06-17 05:39:10 info: GET /api/blogs/4
2025-06-17 05:39:10 info: GET /api/comments/4
2025-06-17 05:39:10 info: GET /api/blogs/4
2025-06-17 05:39:10 info: GET /api/comments/4
2025-06-17 05:39:11 info: GET /api/blogs
2025-06-17 05:39:11 info: GET /api/blogs
2025-06-17 05:39:12 info: GET /api/blogs/1
2025-06-17 05:39:12 info: GET /api/blogs/1
2025-06-17 05:39:12 info: GET /api/comments/1
2025-06-17 05:39:12 info: GET /api/comments/1
2025-06-17 05:39:16 info: GET /api/blogs
2025-06-17 05:39:16 info: GET /api/blogs
2025-06-17 05:39:17 info: GET /api/blogs/2
2025-06-17 05:39:17 info: GET /api/comments/2
2025-06-17 05:39:17 info: GET /api/blogs/2
2025-06-17 05:39:17 info: GET /api/comments/2
2025-06-17 05:40:12 info: Server running in local mode on port 3001
2025-06-17 05:40:14 info: GET /api/blogs/2
2025-06-17 05:40:14 info: GET /api/comments/2
2025-06-17 05:40:14 info: GET /api/blogs/2
2025-06-17 05:40:14 info: GET /api/comments/2
2025-06-17 05:40:30 info: Server running in local mode on port 3001
2025-06-17 05:41:18 info: Server running in local mode on port 3001
2025-06-17 05:41:27 info: Server running in local mode on port 3001
2025-06-17 05:42:24 info: Server running in local mode on port 3001
2025-06-17 05:42:33 info: Server running in local mode on port 3001
2025-06-17 05:42:58 info: Server running in local mode on port 3001
2025-06-17 05:43:33 info: Server running in local mode on port 3001
2025-06-17 05:43:42 info: Server running in local mode on port 3001
2025-06-17 05:46:24 info: GET /api/blogs
2025-06-17 05:46:25 info: GET /api/blogs
2025-06-17 05:46:26 info: GET /api/blogs/4
2025-06-17 05:46:26 info: GET /api/comments/4
2025-06-17 05:46:26 info: GET /api/blogs/4
2025-06-17 05:46:26 info: GET /api/comments/4
2025-06-17 05:46:31 info: GET /api/blogs/4
2025-06-17 05:46:31 info: GET /api/comments/4
2025-06-17 05:46:31 info: GET /api/blogs/4
2025-06-17 05:46:31 info: GET /api/comments/4
2025-06-17 05:46:31 info: GET /api/blogs
2025-06-17 05:46:31 info: GET /api/blogs
2025-06-17 05:50:16 info: Server running in local mode on port 3001
2025-06-17 05:50:39 info: Server running in local mode on port 3001
2025-06-17 05:50:52 info: GET /api/blogs
2025-06-17 05:50:52 info: GET /api/blogs
2025-06-17 05:50:53 info: GET /api/blogs/4
2025-06-17 05:50:53 info: GET /api/comments/4
2025-06-17 05:50:53 info: GET /api/blogs/4
2025-06-17 05:50:53 info: GET /api/comments/4
2025-06-17 05:50:57 info: GET /api/blogs
2025-06-17 05:50:57 info: GET /api/blogs
2025-06-17 05:50:58 info: GET /api/blogs/1
2025-06-17 05:50:58 info: GET /api/comments/1
2025-06-17 05:50:58 info: GET /api/blogs/1
2025-06-17 05:50:58 info: GET /api/comments/1
2025-06-17 05:51:22 info: Server running in local mode on port 3001
2025-06-17 06:04:17 info: GET /api/blogs/1
2025-06-17 06:04:17 info: GET /api/comments/1
2025-06-17 06:04:17 info: GET /api/blogs/1
2025-06-17 06:04:17 info: GET /api/comments/1
2025-06-17 06:04:19 info: GET /api/blogs
2025-06-17 06:04:19 info: GET /api/blogs
2025-06-17 06:04:38 info: GET /api/blogs
2025-06-17 06:04:38 info: GET /api/blogs
2025-06-17 06:04:40 info: GET /api/blogs/4
2025-06-17 06:04:40 info: GET /api/comments/4
2025-06-17 06:04:40 info: GET /api/blogs/4
2025-06-17 06:04:40 info: GET /api/comments/4
2025-06-17 06:05:32 info: GET /api/blogs/4
2025-06-17 06:05:32 info: GET /api/blogs/4
2025-06-17 06:05:32 info: GET /api/comments/4
2025-06-17 06:05:32 info: GET /api/comments/4
2025-06-17 06:05:34 info: GET /api/blogs
2025-06-17 06:05:34 info: GET /api/blogs
2025-06-17 06:05:42 info: POST /api/blogs
2025-06-17 06:05:44 info: GET /api/blogs
2025-06-17 06:05:44 info: GET /api/blogs
2025-06-17 06:05:47 info: GET /api/blogs/1
2025-06-17 06:05:47 info: GET /api/comments/1
2025-06-17 06:05:47 info: GET /api/blogs/1
2025-06-17 06:05:47 info: GET /api/comments/1
2025-06-17 06:05:49 info: GET /api/blogs
2025-06-17 06:05:49 info: GET /api/blogs
2025-06-17 06:05:50 info: GET /api/blogs/5
2025-06-17 06:05:50 info: GET /api/comments/5
2025-06-17 06:05:50 info: GET /api/blogs/5
2025-06-17 06:05:50 info: GET /api/comments/5
2025-06-17 06:05:53 info: GET /api/blogs
2025-06-17 06:05:53 info: GET /api/blogs
2025-06-17 06:06:02 info: POST /api/blogs
2025-06-17 06:06:02 info: GET /api/blogs
2025-06-17 06:06:02 info: GET /api/blogs
2025-06-17 06:06:04 info: GET /api/blogs/6
2025-06-17 06:06:04 info: GET /api/comments/6
2025-06-17 06:06:04 info: GET /api/blogs/6
2025-06-17 06:06:04 info: GET /api/comments/6
2025-06-17 06:06:05 info: GET /api/blogs
2025-06-17 06:06:05 info: GET /api/blogs
2025-06-24 21:43:26 info: Server running in local mode on port 5001
2025-06-24 21:45:36 info: Server running in local mode on port 5001
2025-06-24 23:49:25 info: GET /api/blogs
2025-06-24 23:49:26 info: GET /favicon.ico
2025-06-24 23:50:52 info: GET /api/blogs
2025-06-24 23:50:52 info: GET /api/blogs
2025-06-24 23:50:55 info: GET /api/users
2025-06-24 23:50:55 info: GET /api/users
2025-06-24 23:51:08 info: POST /api/users
2025-06-24 23:51:25 info: GET /api/users
2025-06-24 23:51:25 info: GET /favicon.ico
2025-06-24 23:51:37 info: GET /api/blogs
2025-06-24 23:51:37 info: GET /api/blogs
2025-06-24 23:51:40 info: GET /api/users
2025-06-24 23:51:40 info: GET /api/users
2025-06-24 23:51:52 info: GET /api/users
2025-06-24 23:51:52 info: GET /api/users
2025-06-24 23:52:12 info: GET /api/blogs
2025-06-24 23:52:12 info: GET /api/blogs
2025-06-24 23:52:15 info: GET /api/users
2025-06-24 23:52:15 info: GET /api/users
2025-06-24 23:52:18 info: GET /api/blogs
2025-06-24 23:52:18 info: GET /api/blogs
2025-06-24 23:52:21 info: GET /api/blogs
2025-06-24 23:52:21 info: GET /api/blogs
2025-06-24 23:52:32 info: GET /api/users
2025-06-24 23:52:32 info: GET /api/users
2025-06-24 23:52:38 info: POST /api/users
2025-06-24 23:53:58 info: GET /api/blogs
2025-06-24 23:53:58 info: GET /api/blogs
2025-06-24 23:54:23 info: POST /api/blogs
2025-06-24 23:54:24 info: GET /api/blogs
2025-06-24 23:54:24 info: GET /api/blogs
2025-06-24 23:54:29 info: GET /api/blogs/1
2025-06-24 23:54:29 info: GET /api/comments/1
2025-06-24 23:54:29 info: GET /api/blogs/1
2025-06-24 23:54:29 info: GET /api/comments/1
2025-06-24 23:55:28 info: GET /api/blogs/1
2025-06-24 23:55:28 info: GET /api/blogs/1
2025-06-24 23:55:31 info: GET /api/blogs
2025-06-24 23:55:31 info: GET /api/blogs
2025-06-24 23:55:32 info: GET /api/blogs/1
2025-06-24 23:55:32 info: GET /api/blogs/1
2025-06-24 23:56:12 info: GET /api/blogs/1
2025-06-24 23:56:12 info: GET /api/blogs/1
2025-06-24 23:56:12 info: GET /api/comments/1
2025-06-24 23:56:12 info: GET /api/comments/1
2025-06-24 23:56:21 info: POST /api/comments/1
2025-06-24 23:56:24 info: GET /api/comments/1
2025-06-24 23:56:24 info: GET /api/comments/1
2025-06-24 23:56:24 info: GET /api/blogs/1
2025-06-24 23:56:24 info: GET /api/blogs/1
2025-06-24 23:56:27 info: GET /api/blogs
2025-06-24 23:56:27 info: GET /api/blogs
2025-06-25 00:17:07 info: GET /api/blogs
2025-06-25 00:17:07 info: GET /api/blogs
2025-06-25 00:24:01 info: GET /api/blogs
2025-06-25 00:32:23 info: GET /api/blogs
